<?xml version="1.0" encoding="UTF-8"?>
<testsuite xmlns:xsi="http://www.w3.org/2001/XMLSchema-instance" xsi:noNamespaceSchemaLocation="https://maven.apache.org/surefire/maven-surefire-plugin/xsd/surefire-test-report-3.0.xsd" version="3.0" name="TestSuite" time="167.696" tests="2" errors="0" skipped="0" failures="2">
  <properties>
[...]
</properties>
  <testcase name="testCreateNewCustomer" classname="com.practice.createcustomer.CreateNewCustomer" time="85.633">
    <failure message="no such element: Unable to locate element: {&quot;method&quot;:&quot;xpath&quot;,&quot;selector&quot;:&quot;//input[@value=&apos;Add New Customer&apos;]&quot;}&#10;  (Session info: chrome=80.0.3987.163)&#10;  (Driver info: chromedriver=2.42.591088 (7b2b2dca23cca0862f674758c9a3933e685c27d5),platform=Windows NT 10.0.18362 x86_64) (WARNING: The server did not provide any stacktrace information)&#10;Command duration or timeout: 0 milliseconds&#10;For documentation on this error, please visit: https://www.seleniumhq.org/exceptions/no_such_element.html&#10;Build info: version: &apos;3.141.59&apos;, revision: &apos;e82be7d358&apos;, time: &apos;2018-11-14T08:17:03&apos;&#10;System info: host: &apos;LAPTOP-U74TRLLP&apos;, ip: &apos;192.168.43.46&apos;, os.name: &apos;Windows 10&apos;, os.arch: &apos;amd64&apos;, os.version: &apos;10.0&apos;, java.version: &apos;1.8.0_66&apos;&#10;Driver info: org.openqa.selenium.chrome.ChromeDriver&#10;Capabilities {acceptInsecureCerts: false, acceptSslCerts: false, applicationCacheEnabled: false, browserConnectionEnabled: false, browserName: chrome, chrome: {chromedriverVersion: 2.42.591088 (7b2b2dca23cca0..., userDataDir: C:\windows\TEMP\scoped_dir3...}, cssSelectorsEnabled: true, databaseEnabled: false, goog:chromeOptions: {debuggerAddress: localhost:53590}, handlesAlerts: true, hasTouchScreen: false, javascriptEnabled: true, locationContextEnabled: true, mobileEmulationEnabled: false, nativeEvents: true, networkConnectionEnabled: false, pageLoadStrategy: normal, platform: XP, platformName: XP, rotatable: false, setWindowRect: true, takesHeapSnapshot: true, takesScreenshot: true, unexpectedAlertBehaviour: , unhandledPromptBehavior: , version: 80.0.3987.163, webStorageEnabled: true}&#10;Session ID: a5b0706d79409ef9fd543173a7e9cc2a&#10;*** Element info: {Using=xpath, value=//input[@value=&apos;Add New Customer&apos;]}" type="org.openqa.selenium.NoSuchElementException"><![CDATA[org.openqa.selenium.NoSuchElementException: 
no such element: Unable to locate element: {"method":"xpath","selector":"//input[@value='Add New Customer']"}
  (Session info: chrome=80.0.3987.163)
  (Driver info: chromedriver=2.42.591088 (7b2b2dca23cca0862f674758c9a3933e685c27d5),platform=Windows NT 10.0.18362 x86_64) (WARNING: The server did not provide any stacktrace information)
Command duration or timeout: 0 milliseconds
For documentation on this error, please visit: https://www.seleniumhq.org/exceptions/no_such_element.html
Build info: version: '3.141.59', revision: 'e82be7d358', time: '2018-11-14T08:17:03'
System info: host: 'LAPTOP-U74TRLLP', ip: '192.168.43.46', os.name: 'Windows 10', os.arch: 'amd64', os.version: '10.0', java.version: '1.8.0_66'
Driver info: org.openqa.selenium.chrome.ChromeDriver
Capabilities {acceptInsecureCerts: false, acceptSslCerts: false, applicationCacheEnabled: false, browserConnectionEnabled: false, browserName: chrome, chrome: {chromedriverVersion: 2.42.591088 (7b2b2dca23cca0..., userDataDir: C:\windows\TEMP\scoped_dir3...}, cssSelectorsEnabled: true, databaseEnabled: false, goog:chromeOptions: {debuggerAddress: localhost:53590}, handlesAlerts: true, hasTouchScreen: false, javascriptEnabled: true, locationContextEnabled: true, mobileEmulationEnabled: false, nativeEvents: true, networkConnectionEnabled: false, pageLoadStrategy: normal, platform: XP, platformName: XP, rotatable: false, setWindowRect: true, takesHeapSnapshot: true, takesScreenshot: true, unexpectedAlertBehaviour: , unhandledPromptBehavior: , version: 80.0.3987.163, webStorageEnabled: true}
Session ID: a5b0706d79409ef9fd543173a7e9cc2a
*** Element info: {Using=xpath, value=//input[@value='Add New Customer']}
	at com.practice.createcustomer.CreateNewCustomer.testCreateNewCustomer(CreateNewCustomer.java:31)
]]></failure>
    <system-out><![CDATA[[INFO ] 2020-04-08 00:05:22.551 [main] BaseClass - *****************Open Browser Successfully************************
[INFO ] 2020-04-08 00:05:48.175 [main] BaseClass - *****************login completed************************
[INFO ] 2020-04-08 00:05:49.853 [main] BaseClass - ****************************** click on retrive Data from Excel ******************************
[INFO ] 2020-04-08 00:05:58.569 [main] BaseClass - ****************************** click on ProjectAndCustomer link ******************************
]]></system-out>
    <system-err><![CDATA[Starting ChromeDriver 2.42.591088 (7b2b2dca23cca0862f674758c9a3933e685c27d5) on port 22738
Only local connections are allowed.
[1586284516.194][WARNING]: Timed out connecting to Chrome, retrying...
Apr 08, 2020 12:05:19 AM org.openqa.selenium.remote.ProtocolHandshake createSession
INFO: Detected dialect: OSS
]]></system-err>
  </testcase>
  <testcase name="testCreateNewProject" classname="com.practice.createproject.CreateNewProject" time="31.78">
    <failure message="no such element: Unable to locate element: {&quot;method&quot;:&quot;class name&quot;,&quot;selector&quot;:&quot;successmsg&quot;}&#10;  (Session info: chrome=80.0.3987.163)&#10;  (Driver info: chromedriver=2.42.591088 (7b2b2dca23cca0862f674758c9a3933e685c27d5),platform=Windows NT 10.0.18362 x86_64) (WARNING: The server did not provide any stacktrace information)&#10;Command duration or timeout: 0 milliseconds&#10;For documentation on this error, please visit: https://www.seleniumhq.org/exceptions/no_such_element.html&#10;Build info: version: &apos;3.141.59&apos;, revision: &apos;e82be7d358&apos;, time: &apos;2018-11-14T08:17:03&apos;&#10;System info: host: &apos;LAPTOP-U74TRLLP&apos;, ip: &apos;192.168.43.46&apos;, os.name: &apos;Windows 10&apos;, os.arch: &apos;amd64&apos;, os.version: &apos;10.0&apos;, java.version: &apos;1.8.0_66&apos;&#10;Driver info: org.openqa.selenium.chrome.ChromeDriver&#10;Capabilities {acceptInsecureCerts: false, acceptSslCerts: false, applicationCacheEnabled: false, browserConnectionEnabled: false, browserName: chrome, chrome: {chromedriverVersion: 2.42.591088 (7b2b2dca23cca0..., userDataDir: C:\windows\TEMP\scoped_dir2...}, cssSelectorsEnabled: true, databaseEnabled: false, goog:chromeOptions: {debuggerAddress: localhost:53647}, handlesAlerts: true, hasTouchScreen: false, javascriptEnabled: true, locationContextEnabled: true, mobileEmulationEnabled: false, nativeEvents: true, networkConnectionEnabled: false, pageLoadStrategy: normal, platform: XP, platformName: XP, rotatable: false, setWindowRect: true, takesHeapSnapshot: true, takesScreenshot: true, unexpectedAlertBehaviour: , unhandledPromptBehavior: , version: 80.0.3987.163, webStorageEnabled: true}&#10;Session ID: 57ab0d0f459023a1660011c13773c56f&#10;*** Element info: {Using=class name, value=successmsg}" type="org.openqa.selenium.NoSuchElementException"><![CDATA[org.openqa.selenium.NoSuchElementException: 
no such element: Unable to locate element: {"method":"class name","selector":"successmsg"}
  (Session info: chrome=80.0.3987.163)
  (Driver info: chromedriver=2.42.591088 (7b2b2dca23cca0862f674758c9a3933e685c27d5),platform=Windows NT 10.0.18362 x86_64) (WARNING: The server did not provide any stacktrace information)
Command duration or timeout: 0 milliseconds
For documentation on this error, please visit: https://www.seleniumhq.org/exceptions/no_such_element.html
Build info: version: '3.141.59', revision: 'e82be7d358', time: '2018-11-14T08:17:03'
System info: host: 'LAPTOP-U74TRLLP', ip: '192.168.43.46', os.name: 'Windows 10', os.arch: 'amd64', os.version: '10.0', java.version: '1.8.0_66'
Driver info: org.openqa.selenium.chrome.ChromeDriver
Capabilities {acceptInsecureCerts: false, acceptSslCerts: false, applicationCacheEnabled: false, browserConnectionEnabled: false, browserName: chrome, chrome: {chromedriverVersion: 2.42.591088 (7b2b2dca23cca0..., userDataDir: C:\windows\TEMP\scoped_dir2...}, cssSelectorsEnabled: true, databaseEnabled: false, goog:chromeOptions: {debuggerAddress: localhost:53647}, handlesAlerts: true, hasTouchScreen: false, javascriptEnabled: true, locationContextEnabled: true, mobileEmulationEnabled: false, nativeEvents: true, networkConnectionEnabled: false, pageLoadStrategy: normal, platform: XP, platformName: XP, rotatable: false, setWindowRect: true, takesHeapSnapshot: true, takesScreenshot: true, unexpectedAlertBehaviour: , unhandledPromptBehavior: , version: 80.0.3987.163, webStorageEnabled: true}
Session ID: 57ab0d0f459023a1660011c13773c56f
*** Element info: {Using=class name, value=successmsg}
	at com.practice.createproject.CreateNewProject.testCreateNewProject(CreateNewProject.java:39)
]]></failure>
    <system-out><![CDATA[[INFO ] 2020-04-08 00:07:14.320 [main] BaseClass - *****************logout successfully************************
[INFO ] 2020-04-08 00:07:14.527 [main] BaseClass - *****************Close Browser************************
[INFO ] 2020-04-08 00:07:22.910 [main] BaseClass - *****************Open Browser Successfully************************
[INFO ] 2020-04-08 00:07:23.159 [main] BaseClass - *****************login completed************************
[INFO ] 2020-04-08 00:07:23.291 [main] BaseClass - ****************************** click on retrive Data from Excel ******************************
[INFO ] 2020-04-08 00:07:23.742 [main] BaseClass - ****************************** click on ProjectAndCustomer link ******************************
[INFO ] 2020-04-08 00:07:23.973 [main] BaseClass - ***************************** click on  addNewCustomer Button  ******************************
[INFO ] 2020-04-08 00:07:24.175 [main] BaseClass - ****************************** click on  select Customer Name ******************************
[INFO ] 2020-04-08 00:07:24.290 [main] BaseClass - ****************************** click on  enter project Name ******************************
[INFO ] 2020-04-08 00:07:24.602 [main] BaseClass - ****************************** click on Createcustomer Button ******************************
]]></system-out>
    <system-err><![CDATA[log4j:WARN No appenders could be found for logger (freemarker.cache).
log4j:WARN Please initialize the log4j system properly.
log4j:WARN See http://logging.apache.org/log4j/1.2/faq.html#noconfig for more info.
Starting ChromeDriver 2.42.591088 (7b2b2dca23cca0862f674758c9a3933e685c27d5) on port 42799
Only local connections are allowed.
[1586284638.900][WARNING]: Timed out connecting to Chrome, retrying...
Apr 08, 2020 12:07:21 AM org.openqa.selenium.remote.ProtocolHandshake createSession
INFO: Detected dialect: OSS
]]></system-err>
  </testcase>
</testsuite>