<?xml version="1.0" encoding="UTF-8"?>
<testng-results skipped="0" failed="1" total="2" passed="1">
  <reporter-output>
  </reporter-output>
  <suite name="Suite" duration-ms="36321" started-at="2020-04-06T10:35:13Z" finished-at="2020-04-06T10:35:50Z">
    <groups>
    </groups>
    <test name="Test1" duration-ms="23715" started-at="2020-04-06T10:35:13Z" finished-at="2020-04-06T10:35:37Z">
      <class name="com.practice.createcustomer.CreateNewCustomer">
        <test-method status="PASS" signature="openBrowser()[pri:0, instance:com.practice.createcustomer.CreateNewCustomer@5c6648b0]" name="openBrowser" is-config="true" duration-ms="7596" started-at="2020-04-06T16:05:15Z" finished-at="2020-04-06T16:05:23Z">
          <reporter-output>
          </reporter-output>
        </test-method> <!-- openBrowser -->
        <test-method status="PASS" signature="loginPage()[pri:0, instance:com.practice.createcustomer.CreateNewCustomer@5c6648b0]" name="loginPage" is-config="true" duration-ms="2599" started-at="2020-04-06T16:05:23Z" finished-at="2020-04-06T16:05:25Z">
          <reporter-output>
          </reporter-output>
        </test-method> <!-- loginPage -->
        <test-method status="PASS" signature="testCreateNewCustomer()[pri:0, instance:com.practice.createcustomer.CreateNewCustomer@5c6648b0]" name="testCreateNewCustomer" duration-ms="7271" started-at="2020-04-06T16:05:25Z" finished-at="2020-04-06T16:05:32Z">
          <reporter-output>
          </reporter-output>
        </test-method> <!-- testCreateNewCustomer -->
        <test-method status="PASS" signature="logOut()[pri:0, instance:com.practice.createcustomer.CreateNewCustomer@5c6648b0]" name="logOut" is-config="true" duration-ms="409" started-at="2020-04-06T16:05:33Z" finished-at="2020-04-06T16:05:33Z">
          <reporter-output>
          </reporter-output>
        </test-method> <!-- logOut -->
        <test-method status="PASS" signature="closeBrowser()[pri:0, instance:com.practice.createcustomer.CreateNewCustomer@5c6648b0]" name="closeBrowser" is-config="true" duration-ms="4141" started-at="2020-04-06T16:05:33Z" finished-at="2020-04-06T16:05:37Z">
          <reporter-output>
          </reporter-output>
        </test-method> <!-- closeBrowser -->
      </class> <!-- com.practice.createcustomer.CreateNewCustomer -->
    </test> <!-- Test1 -->
    <test name="Test2" duration-ms="12099" started-at="2020-04-06T10:35:38Z" finished-at="2020-04-06T10:35:50Z">
      <class name="com.practice.createproject.CreateNewProject">
        <test-method status="PASS" signature="openBrowser()[pri:0, instance:com.practice.createproject.CreateNewProject@5fe94a96]" name="openBrowser" is-config="true" duration-ms="6582" started-at="2020-04-06T16:05:38Z" finished-at="2020-04-06T16:05:44Z">
          <reporter-output>
          </reporter-output>
        </test-method> <!-- openBrowser -->
        <test-method status="PASS" signature="loginPage()[pri:0, instance:com.practice.createproject.CreateNewProject@5fe94a96]" name="loginPage" is-config="true" duration-ms="348" started-at="2020-04-06T16:05:44Z" finished-at="2020-04-06T16:05:45Z">
          <reporter-output>
          </reporter-output>
        </test-method> <!-- loginPage -->
        <test-method status="FAIL" signature="testCreateNewProject()[pri:0, instance:com.practice.createproject.CreateNewProject@5fe94a96]" name="testCreateNewProject" duration-ms="4419" started-at="2020-04-06T16:05:45Z" finished-at="2020-04-06T16:05:49Z">
          <exception class="org.openqa.selenium.NoSuchElementException">
            <message>
              <![CDATA[Cannot locate element with text: Bicycle6
For documentation on this error, please visit: http://seleniumhq.org/exceptions/no_such_element.html
Build info: version: '3.14.0', revision: 'aacccce0', time: '2018-08-02T20:13:22.693Z'
System info: host: 'LAPTOP-U74TRLLP', ip: '192.168.43.46', os.name: 'Windows 10', os.arch: 'amd64', os.version: '10.0', java.version: '1.8.0_66'
Driver info: driver.version: unknown]]>
            </message>
            <full-stacktrace>
              <![CDATA[org.openqa.selenium.NoSuchElementException: Cannot locate element with text: Bicycle6
For documentation on this error, please visit: http://seleniumhq.org/exceptions/no_such_element.html
Build info: version: '3.14.0', revision: 'aacccce0', time: '2018-08-02T20:13:22.693Z'
System info: host: 'LAPTOP-U74TRLLP', ip: '192.168.43.46', os.name: 'Windows 10', os.arch: 'amd64', os.version: '10.0', java.version: '1.8.0_66'
Driver info: driver.version: unknown
	at org.openqa.selenium.support.ui.Select.selectByVisibleText(Select.java:151)
	at com.practice.webpages.AddNewProject.selectcustomerName(AddNewProject.java:29)
	at com.practice.createproject.CreateNewProject.testCreateNewProject(CreateNewProject.java:33)
	at sun.reflect.NativeMethodAccessorImpl.invoke0(Native Method)
	at sun.reflect.NativeMethodAccessorImpl.invoke(NativeMethodAccessorImpl.java:62)
	at sun.reflect.DelegatingMethodAccessorImpl.invoke(DelegatingMethodAccessorImpl.java:43)
	at java.lang.reflect.Method.invoke(Method.java:497)
	at org.testng.internal.MethodInvocationHelper.invokeMethod(MethodInvocationHelper.java:85)
	at org.testng.internal.Invoker.invokeMethod(Invoker.java:639)
	at org.testng.internal.Invoker.invokeTestMethod(Invoker.java:816)
	at org.testng.internal.Invoker.invokeTestMethods(Invoker.java:1124)
	at org.testng.internal.TestMethodWorker.invokeTestMethods(TestMethodWorker.java:125)
	at org.testng.internal.TestMethodWorker.run(TestMethodWorker.java:108)
	at org.testng.TestRunner.privateRun(TestRunner.java:774)
	at org.testng.TestRunner.run(TestRunner.java:624)
	at org.testng.SuiteRunner.runTest(SuiteRunner.java:359)
	at org.testng.SuiteRunner.runSequentially(SuiteRunner.java:354)
	at org.testng.SuiteRunner.privateRun(SuiteRunner.java:312)
	at org.testng.SuiteRunner.run(SuiteRunner.java:261)
	at org.testng.SuiteRunnerWorker.runSuite(SuiteRunnerWorker.java:52)
	at org.testng.SuiteRunnerWorker.run(SuiteRunnerWorker.java:86)
	at org.testng.TestNG.runSuitesSequentially(TestNG.java:1215)
	at org.testng.TestNG.runSuitesLocally(TestNG.java:1140)
	at org.testng.TestNG.run(TestNG.java:1048)
	at org.testng.remote.AbstractRemoteTestNG.run(AbstractRemoteTestNG.java:126)
	at org.testng.remote.RemoteTestNG.initAndRun(RemoteTestNG.java:152)
	at org.testng.remote.RemoteTestNG.main(RemoteTestNG.java:57)
]]>
            </full-stacktrace>
          </exception> <!-- org.openqa.selenium.NoSuchElementException -->
          <reporter-output>
          </reporter-output>
        </test-method> <!-- testCreateNewProject -->
        <test-method status="PASS" signature="logOut()[pri:0, instance:com.practice.createproject.CreateNewProject@5fe94a96]" name="logOut" is-config="true" duration-ms="192" started-at="2020-04-06T16:05:49Z" finished-at="2020-04-06T16:05:50Z">
          <reporter-output>
          </reporter-output>
        </test-method> <!-- logOut -->
        <test-method status="PASS" signature="closeBrowser()[pri:0, instance:com.practice.createproject.CreateNewProject@5fe94a96]" name="closeBrowser" is-config="true" duration-ms="61" started-at="2020-04-06T16:05:50Z" finished-at="2020-04-06T16:05:50Z">
          <reporter-output>
          </reporter-output>
        </test-method> <!-- closeBrowser -->
      </class> <!-- com.practice.createproject.CreateNewProject -->
    </test> <!-- Test2 -->
  </suite> <!-- Suite -->
</testng-results>
